[2025-06-11T02:17:46.661Z] [INFO ] === 開始整合版自動補卡程式 ===
[2025-06-11T02:17:46.661Z] [INFO ] 載入配置: 6 筆補卡記錄，展開為 10 個任務
[2025-06-11T02:17:46.661Z] [INFO ] >>> Phase 1: 開始登入流程
[2025-06-11T02:17:46.662Z] [INFO ] 正在啟動瀏覽器...
[2025-06-11T02:17:47.997Z] [OK   ] 瀏覽器啟動成功
[2025-06-11T02:17:47.998Z] [INFO ] 開始登入流程
[2025-06-11T02:17:50.045Z] [INFO ] 已處理登入彈出視窗
[2025-06-11T02:17:52.840Z] [INFO ] 登入表單填寫完成
[2025-06-11T02:17:53.662Z] [OK   ] 登入成功
[2025-06-11T02:17:53.663Z] [INFO ] 正在導航到表單申請頁面
[2025-06-11T02:17:56.045Z] [OK   ] 成功導航到表單申請頁面
[2025-06-11T02:17:56.046Z] [OK   ] >>> Phase 1: 登入流程完成
[2025-06-11T02:17:56.046Z] [INFO ] >>> Phase 2: 開始補卡流程
[2025-06-11T02:17:56.046Z] [INFO ] 開始處理 10 個補卡任務
[2025-06-11T02:17:56.046Z] [INFO ] [1/10] 處理任務: 2025/06/11 上班打卡
[2025-06-11T02:18:02.670Z] [INFO ] 填寫表單: 2025/06/11 上班打卡
[2025-06-11T02:18:02.965Z] [ERROR] 任務 2025/06/11 上班打卡 失敗: SyntaxError: Failed to execute 'querySelectorAll' on 'Document': 'li:contains("上班")' is not a valid selector.
re (pptr:internal:3:12826)
Ie (pptr:internal:3:13100)
pptr:evaluateHandle;PQueryHandler.queryOne%20(%2FUsers%2Ftnl-loso%2FDesktop%2Fauto-re-check%2Fnode_modules%2Fpuppeteer-core%2Flib%2Fcjs%2Fpuppeteer%2Fcommon%2FQueryHandler.js%3A130%3A73):2:16
[2025-06-11T02:18:02.966Z] [ERROR] 程式執行失敗: SyntaxError: Failed to execute 'querySelectorAll' on 'Document': 'li:contains("上班")' is not a valid selector.
re (pptr:internal:3:12826)
Ie (pptr:internal:3:13100)
pptr:evaluateHandle;PQueryHandler.queryOne%20(%2FUsers%2Ftnl-loso%2FDesktop%2Fauto-re-check%2Fnode_modules%2Fpuppeteer-core%2Flib%2Fcjs%2Fpuppeteer%2Fcommon%2FQueryHandler.js%3A130%3A73):2:16
[2025-06-11T02:18:02.966Z] [ERROR] 錯誤堆疊 | Context: {
  "stack": "DOMException: SyntaxError: Failed to execute 'querySelectorAll' on 'Document': 'li:contains(\"上班\")' is not a valid selector.\nre (pptr:internal:3:12826)\nIe (pptr:internal:3:13100)\npptr:evaluateHandle;PQueryHandler.queryOne%20(%2FUsers%2Ftnl-loso%2FDesktop%2Fauto-re-check%2Fnode_modules%2Fpuppeteer-core%2Flib%2Fcjs%2Fpuppeteer%2Fcommon%2FQueryHandler.js%3A130%3A73):2:16\n    at #evaluate (/Users/tnl-loso/Desktop/auto-re-check/node_modules/puppeteer-core/lib/cjs/puppeteer/cdp/ExecutionContext.js:222:56)\n    at process.processTicksAndRejections (node:internal/process/task_queues:105:5)\n    at async ExecutionContext.evaluateHandle (/Users/tnl-loso/Desktop/auto-re-check/node_modules/puppeteer-core/lib/cjs/puppeteer/cdp/ExecutionContext.js:169:16)\n    at async IsolatedWorld.evaluateHandle (/Users/tnl-loso/Desktop/auto-re-check/node_modules/puppeteer-core/lib/cjs/puppeteer/cdp/IsolatedWorld.js:116:16)\n    at async CdpJSHandle.evaluateHandle (/Users/tnl-loso/Desktop/auto-re-check/node_modules/puppeteer-core/lib/cjs/puppeteer/api/JSHandle.js:150:20)\n    at async CdpElementHandle.evaluateHandle (/Users/tnl-loso/Desktop/auto-re-check/node_modules/puppeteer-core/lib/cjs/puppeteer/api/ElementHandle.js:337:20)\n    at async PQueryHandler.queryOne (/Users/tnl-loso/Desktop/auto-re-check/node_modules/puppeteer-core/lib/cjs/puppeteer/common/QueryHandler.js:130:59)\n    at async CdpElementHandle.$ (/Users/tnl-loso/Desktop/auto-re-check/node_modules/puppeteer-core/lib/cjs/puppeteer/api/ElementHandle.js:378:21)\n    at async CdpElementHandle.<anonymous> (/Users/tnl-loso/Desktop/auto-re-check/node_modules/puppeteer-core/lib/cjs/puppeteer/api/ElementHandle.js:253:36)"
}
[2025-06-11T02:18:03.133Z] [INFO ] 瀏覽器已關閉
