[2025-06-11T02:42:08.725Z] [INFO ] === 開始整合版自動補卡程式 v2 ===
[2025-06-11T02:42:08.726Z] [INFO ] 載入配置: 6 筆補卡記錄，展開為 10 個任務
[2025-06-11T02:42:08.726Z] [INFO ] >>> Phase 1: 開始登入流程
[2025-06-11T02:42:08.726Z] [INFO ] 正在啟動瀏覽器...
[2025-06-11T02:42:10.136Z] [OK   ] 瀏覽器啟動成功
[2025-06-11T02:42:10.136Z] [INFO ] 開始登入流程
[2025-06-11T02:42:11.860Z] [INFO ] 已處理登入彈出視窗
[2025-06-11T02:42:14.731Z] [INFO ] 登入表單填寫完成
[2025-06-11T02:42:15.563Z] [OK   ] 登入成功
[2025-06-11T02:42:15.563Z] [INFO ] 正在導航到表單申請頁面
[2025-06-11T02:42:17.841Z] [OK   ] 成功導航到表單申請頁面
[2025-06-11T02:42:17.843Z] [OK   ] >>> Phase 1: 登入流程完成
[2025-06-11T02:42:17.843Z] [INFO ] >>> Phase 2: 開始補卡流程
[2025-06-11T02:42:17.843Z] [INFO ] 開始處理 10 個補卡任務
[2025-06-11T02:42:17.843Z] [INFO ] [1/10] 處理任務: 2025/06/11 上班打卡
[2025-06-11T02:42:25.103Z] [INFO ] 填寫表單: 2025/06/11 上班打卡
[2025-06-11T02:42:25.124Z] [INFO ] 選擇補卡類型: 上班
[2025-06-11T02:42:25.138Z] [INFO ] 成功選擇類型: 上班 (value=1)
[2025-06-11T02:42:25.444Z] [INFO ] 設定日期時間: 2025/06/11
[2025-06-11T02:42:25.460Z] [ERROR] 日期設定失敗: TypeError: n.data is not a function
[2025-06-11T02:42:25.539Z] [ERROR] 任務 2025/06/11 上班打卡 失敗: 無法設定日期時間: 2025/06/11
[2025-06-11T02:42:25.541Z] [ERROR] 程式執行失敗: 無法設定日期時間: 2025/06/11
[2025-06-11T02:42:25.552Z] [ERROR] 錯誤堆疊 | Context: {
  "stack": "Error: 無法設定日期時間: 2025/06/11\n    at IntegratedAutoAttendanceSystemV2.setDateTime (/Users/tnl-loso/Desktop/auto-re-check/src/integrated-main-v2.ts:550:13)\n    at processTicksAndRejections (node:internal/process/task_queues:105:5)\n    at async IntegratedAutoAttendanceSystemV2.fillAttendanceForm (/Users/tnl-loso/Desktop/auto-re-check/src/integrated-main-v2.ts:467:5)\n    at async IntegratedAutoAttendanceSystemV2.processSingleAttendanceTask (/Users/tnl-loso/Desktop/auto-re-check/src/integrated-main-v2.ts:394:7)\n    at async IntegratedAutoAttendanceSystemV2.processAllAttendanceTasks (/Users/tnl-loso/Desktop/auto-re-check/src/integrated-main-v2.ts:372:9)\n    at async IntegratedAutoAttendanceSystemV2.run (/Users/tnl-loso/Desktop/auto-re-check/src/integrated-main-v2.ts:701:7)\n    at async main (/Users/tnl-loso/Desktop/auto-re-check/src/integrated-main-v2.ts:732:5)"
}
[2025-06-11T02:42:25.721Z] [INFO ] 瀏覽器已關閉
