[2025-06-11T02:38:32.244Z] [INFO ] === 開始整合版自動補卡程式 v2 ===
[2025-06-11T02:38:32.245Z] [INFO ] 載入配置: 6 筆補卡記錄，展開為 10 個任務
[2025-06-11T02:38:32.245Z] [INFO ] >>> Phase 1: 開始登入流程
[2025-06-11T02:38:32.245Z] [INFO ] 正在啟動瀏覽器...
[2025-06-11T02:38:33.827Z] [OK   ] 瀏覽器啟動成功
[2025-06-11T02:38:33.827Z] [INFO ] 開始登入流程
[2025-06-11T02:38:35.814Z] [INFO ] 已處理登入彈出視窗
[2025-06-11T02:38:39.108Z] [INFO ] 登入表單填寫完成
[2025-06-11T02:38:39.949Z] [OK   ] 登入成功
[2025-06-11T02:38:39.949Z] [INFO ] 正在導航到表單申請頁面
[2025-06-11T02:38:42.341Z] [OK   ] 成功導航到表單申請頁面
[2025-06-11T02:38:42.341Z] [OK   ] >>> Phase 1: 登入流程完成
[2025-06-11T02:38:42.341Z] [INFO ] >>> Phase 2: 開始補卡流程
[2025-06-11T02:38:42.341Z] [INFO ] 開始處理 10 個補卡任務
[2025-06-11T02:38:42.341Z] [INFO ] [1/10] 處理任務: 2025/06/11 上班打卡
[2025-06-11T02:38:48.967Z] [INFO ] 填寫表單: 2025/06/11 上班打卡
[2025-06-11T02:38:48.994Z] [INFO ] 選擇補卡類型: 上班
[2025-06-11T02:38:49.013Z] [INFO ] 成功選擇類型: 上班 (value=1)
[2025-06-11T02:38:49.315Z] [INFO ] 設定日期時間: 2025/06/11
[2025-06-11T02:38:49.334Z] [ERROR] 日期設定失敗: TypeError: n.data is not a function
[2025-06-11T02:38:49.474Z] [ERROR] 任務 2025/06/11 上班打卡 失敗: 無法設定日期時間: 2025/06/11
[2025-06-11T02:38:49.475Z] [ERROR] 程式執行失敗: 無法設定日期時間: 2025/06/11
[2025-06-11T02:38:49.476Z] [ERROR] 錯誤堆疊 | Context: {
  "stack": "Error: 無法設定日期時間: 2025/06/11\n    at IntegratedAutoAttendanceSystemV2.setDateTime (/Users/tnl-loso/Desktop/auto-re-check/src/integrated-main-v2.ts:550:13)\n    at processTicksAndRejections (node:internal/process/task_queues:105:5)\n    at async IntegratedAutoAttendanceSystemV2.fillAttendanceForm (/Users/tnl-loso/Desktop/auto-re-check/src/integrated-main-v2.ts:467:5)\n    at async IntegratedAutoAttendanceSystemV2.processSingleAttendanceTask (/Users/tnl-loso/Desktop/auto-re-check/src/integrated-main-v2.ts:394:7)\n    at async IntegratedAutoAttendanceSystemV2.processAllAttendanceTasks (/Users/tnl-loso/Desktop/auto-re-check/src/integrated-main-v2.ts:372:9)\n    at async IntegratedAutoAttendanceSystemV2.run (/Users/tnl-loso/Desktop/auto-re-check/src/integrated-main-v2.ts:701:7)\n    at async main (/Users/tnl-loso/Desktop/auto-re-check/src/integrated-main-v2.ts:732:5)"
}
[2025-06-11T02:38:49.633Z] [INFO ] 瀏覽器已關閉
