[2025-06-11T02:31:27.893Z] [INFO ] === 開始整合版自動補卡程式 ===
[2025-06-11T02:31:27.893Z] [INFO ] 載入配置: 6 筆補卡記錄，展開為 10 個任務
[2025-06-11T02:31:27.893Z] [INFO ] >>> Phase 1: 開始登入流程
[2025-06-11T02:31:27.894Z] [INFO ] 正在啟動瀏覽器...
[2025-06-11T02:31:29.151Z] [OK   ] 瀏覽器啟動成功
[2025-06-11T02:31:29.153Z] [INFO ] 開始登入流程
[2025-06-11T02:31:31.135Z] [INFO ] 已處理登入彈出視窗
[2025-06-11T02:31:34.051Z] [INFO ] 登入表單填寫完成
[2025-06-11T02:31:34.866Z] [OK   ] 登入成功
[2025-06-11T02:31:34.867Z] [INFO ] 正在導航到表單申請頁面
[2025-06-11T02:31:37.461Z] [OK   ] 成功導航到表單申請頁面
[2025-06-11T02:31:37.462Z] [OK   ] >>> Phase 1: 登入流程完成
[2025-06-11T02:31:37.462Z] [INFO ] >>> Phase 2: 開始補卡流程
[2025-06-11T02:31:37.462Z] [INFO ] 開始處理 10 個補卡任務
[2025-06-11T02:31:37.462Z] [INFO ] [1/10] 處理任務: 2025/06/11 上班打卡
[2025-06-11T02:31:44.092Z] [INFO ] 填寫表單: 2025/06/11 上班打卡
[2025-06-11T02:31:44.112Z] [INFO ] 選擇補卡類型: 上班
[2025-06-11T02:31:44.128Z] [INFO ] 成功選擇類型: 上班 (value=1)
[2025-06-11T02:31:44.429Z] [INFO ] 設定日期時間: 2025/06/11
[2025-06-11T02:31:45.514Z] [WARN ] 日期設定失敗，嘗試替代方案: TypeError: n.data is not a function
[2025-06-11T02:31:45.630Z] [ERROR] 任務 2025/06/11 上班打卡 失敗: 無法設定日期時間: 2025/06/11
[2025-06-11T02:31:45.631Z] [ERROR] 程式執行失敗: 無法設定日期時間: 2025/06/11
[2025-06-11T02:31:45.631Z] [ERROR] 錯誤堆疊 | Context: {
  "stack": "Error: 無法設定日期時間: 2025/06/11\n    at IntegratedAutoAttendanceSystem.setDateTime (/Users/tnl-loso/Desktop/auto-re-check/dist/integrated-main.js:508:19)\n    at process.processTicksAndRejections (node:internal/process/task_queues:105:5)\n    at async IntegratedAutoAttendanceSystem.fillAttendanceForm (/Users/tnl-loso/Desktop/auto-re-check/dist/integrated-main.js:426:9)\n    at async IntegratedAutoAttendanceSystem.processSingleAttendanceTask (/Users/tnl-loso/Desktop/auto-re-check/dist/integrated-main.js:359:13)\n    at async IntegratedAutoAttendanceSystem.processAllAttendanceTasks (/Users/tnl-loso/Desktop/auto-re-check/dist/integrated-main.js:340:17)\n    at async IntegratedAutoAttendanceSystem.run (/Users/tnl-loso/Desktop/auto-re-check/dist/integrated-main.js:609:13)\n    at async main (/Users/tnl-loso/Desktop/auto-re-check/dist/integrated-main.js:640:9)"
}
[2025-06-11T02:31:45.775Z] [INFO ] 瀏覽器已關閉
