[2025-06-11T02:19:54.805Z] [INFO ] === 開始整合版自動補卡程式 ===
[2025-06-11T02:19:54.805Z] [INFO ] 載入配置: 6 筆補卡記錄，展開為 10 個任務
[2025-06-11T02:19:54.806Z] [INFO ] >>> Phase 1: 開始登入流程
[2025-06-11T02:19:54.806Z] [INFO ] 正在啟動瀏覽器...
[2025-06-11T02:19:56.110Z] [OK   ] 瀏覽器啟動成功
[2025-06-11T02:19:56.111Z] [INFO ] 開始登入流程
[2025-06-11T02:19:57.798Z] [INFO ] 已處理登入彈出視窗
[2025-06-11T02:20:01.414Z] [INFO ] 登入表單填寫完成
[2025-06-11T02:20:02.286Z] [OK   ] 登入成功
[2025-06-11T02:20:02.287Z] [INFO ] 正在導航到表單申請頁面
[2025-06-11T02:20:03.822Z] [OK   ] 成功導航到表單申請頁面
[2025-06-11T02:20:03.823Z] [OK   ] >>> Phase 1: 登入流程完成
[2025-06-11T02:20:03.823Z] [INFO ] >>> Phase 2: 開始補卡流程
[2025-06-11T02:20:03.823Z] [INFO ] 開始處理 10 個補卡任務
[2025-06-11T02:20:03.823Z] [INFO ] [1/10] 處理任務: 2025/06/11 上班打卡
[2025-06-11T02:20:10.350Z] [INFO ] 填寫表單: 2025/06/11 上班打卡
[2025-06-11T02:20:13.523Z] [INFO ] 表單填寫完成
[2025-06-11T02:20:13.524Z] [INFO ] 準備送簽表單
[2025-06-11T02:20:16.555Z] [INFO ] 無確認對話框需要處理
[2025-06-11T02:20:18.557Z] [OK   ] 表單送簽完成
[2025-06-11T02:20:18.604Z] [OK   ] 任務 2025/06/11 上班打卡 完成
[2025-06-11T02:20:18.607Z] [INFO ] [2/10] 處理任務: 2025/06/10 下班打卡
[2025-06-11T02:20:38.617Z] [ERROR] 任務 2025/06/10 下班打卡 失敗: Waiting for selector `a[href*="javascript:void(0)"][data-formkind="TNLMG9.FORM.1001"]` failed: Waiting failed: 10000ms exceeded
[2025-06-11T02:20:38.619Z] [ERROR] 程式執行失敗: Waiting for selector `a[href*="javascript:void(0)"][data-formkind="TNLMG9.FORM.1001"]` failed: Waiting failed: 10000ms exceeded
[2025-06-11T02:20:38.620Z] [ERROR] 錯誤堆疊 | Context: {
  "stack": "TimeoutError: Waiting for selector `a[href*=\"javascript:void(0)\"][data-formkind=\"TNLMG9.FORM.1001\"]` failed: Waiting failed: 10000ms exceeded\n    at new WaitTask (/Users/tnl-loso/Desktop/auto-re-check/node_modules/puppeteer-core/lib/cjs/puppeteer/common/WaitTask.js:50:34)\n    at IsolatedWorld.waitForFunction (/Users/tnl-loso/Desktop/auto-re-check/node_modules/puppeteer-core/lib/cjs/puppeteer/api/Realm.js:25:26)\n    at PQueryHandler.waitFor (/Users/tnl-loso/Desktop/auto-re-check/node_modules/puppeteer-core/lib/cjs/puppeteer/common/QueryHandler.js:170:95)\n    at async CdpFrame.waitForSelector (/Users/tnl-loso/Desktop/auto-re-check/node_modules/puppeteer-core/lib/cjs/puppeteer/api/Frame.js:494:21)\n    at async CdpPage.waitForSelector (/Users/tnl-loso/Desktop/auto-re-check/node_modules/puppeteer-core/lib/cjs/puppeteer/api/Page.js:1351:20)\n    at async IntegratedAutoAttendanceSystem.clickForgetPunchLink (/Users/tnl-loso/Desktop/auto-re-check/dist/integrated-main.js:386:29)\n    at async IntegratedAutoAttendanceSystem.processSingleAttendanceTask (/Users/tnl-loso/Desktop/auto-re-check/dist/integrated-main.js:353:9)\n    at async IntegratedAutoAttendanceSystem.processAllAttendanceTasks (/Users/tnl-loso/Desktop/auto-re-check/dist/integrated-main.js:339:17)\n    at async IntegratedAutoAttendanceSystem.run (/Users/tnl-loso/Desktop/auto-re-check/dist/integrated-main.js:560:13)\n    at async main (/Users/tnl-loso/Desktop/auto-re-check/dist/integrated-main.js:591:9)"
}
[2025-06-11T02:20:38.731Z] [INFO ] 瀏覽器已關閉
