[2025-06-11T01:31:24.853Z] [INFO] === 第一階段：登入功能測試開始 ===
[2025-06-11T01:31:24.854Z] [INFO] 正在啟動瀏覽器...
[2025-06-11T01:31:26.433Z] [INFO] 瀏覽器啟動成功
[2025-06-11T01:31:26.434Z] [INFO] 讀取使用者配置...
[2025-06-11T01:31:26.435Z] [INFO] 使用者配置載入成功 | Context: {"username":"TNL011","companyCode":"TNLMG","recordsCount":3}
[2025-06-11T01:31:26.436Z] [INFO] 開始執行登入流程
[2025-06-11T01:31:26.436Z] [INFO] 導航到登入頁面: https://apollo.mayohr.com
[2025-06-11T01:31:26.894Z] [INFO] 頁面載入成功
[2025-06-11T01:31:29.897Z] [INFO] 當前頁面 URL | Context: {"url":"https://apollo.mayohr.com/tube"}
[2025-06-11T01:31:29.899Z] [INFO] 檢查是否有 pop-up 提示...
[2025-06-11T01:31:29.925Z] [INFO] 找到 pop-up 確定按鈕，準備點擊關閉
[2025-06-11T01:31:46.974Z] [INFO] 未找到 pop-up 確定按鈕，繼續流程 | Context: {"error":"Navigation timeout of 15000 ms exceeded"}
[2025-06-11T01:31:48.976Z] [INFO] 使用者已登入，在主頁面，尋找表單申請按鈕
[2025-06-11T01:31:49.000Z] [WARN] 未找到表單申請按鈕
[2025-06-11T01:31:49.000Z] [INFO] 檢查是否需要登入...
[2025-06-11T01:31:49.315Z] [INFO] 截圖已儲存: screenshots/before_login_form_search_1749605509001.png
[2025-06-11T01:31:49.316Z] [INFO] 開始填寫登入表單...
[2025-06-11T01:31:49.316Z] [INFO] 填寫公司代碼...
[2025-06-11T01:31:49.447Z] [INFO] 公司代碼填寫完成 | Context: {"companyCode":"TNLMG"}
[2025-06-11T01:31:49.448Z] [INFO] 填寫工號...
[2025-06-11T01:31:49.573Z] [INFO] 工號填寫完成 | Context: {"employeeNo":"TNL011"}
[2025-06-11T01:31:49.574Z] [INFO] 填寫密碼...
[2025-06-11T01:31:49.709Z] [INFO] 密碼填寫完成
[2025-06-11T01:31:49.710Z] [INFO] 登入表單填寫完成
[2025-06-11T01:31:49.984Z] [INFO] 截圖已儲存: screenshots/login_form_filled_1749605509710.png
[2025-06-11T01:31:49.985Z] [INFO] 提交登入表單...
[2025-06-11T01:31:49.991Z] [INFO] 找到提交按鈕，準備點擊
[2025-06-11T01:31:50.508Z] [INFO] 等待登入處理和頁面導航...
[2025-06-11T01:31:50.901Z] [INFO] 登入後的 URL | Context: {"url":"https://apollo.mayohr.com/LoginPass?code=39a22083ec1b439bb3ab390ef9c681b9&red=https%3A%2F%2Fapollo.mayohr.com%2Ftube&lang=zh-tw"}
[2025-06-11T01:31:50.901Z] [INFO] 登入成功，到達主頁面，需要點擊表單申請按鈕
[2025-06-11T01:31:51.124Z] [INFO] 截圖已儲存: screenshots/login_success_main_page_1749605510901.png
[2025-06-11T01:31:51.124Z] [INFO] 導航到表單申請頁面...
[2025-06-11T01:32:07.961Z] [ERROR] 導航至表單申請頁面失敗 | Context: {"error":"Navigation timeout of 15000 ms exceeded"}
[2025-06-11T01:32:08.460Z] [INFO] 截圖已儲存: screenshots/navigation_failed_1749605527964.png
[2025-06-11T01:32:08.460Z] [ERROR] 登入流程失敗 | Context: {"error":"Navigation timeout of 15000 ms exceeded"}
[2025-06-11T01:32:08.710Z] [INFO] 截圖已儲存: screenshots/login_failed_1749605528460.png
[2025-06-11T01:32:08.710Z] [ERROR] 測試執行失敗 | Context: {"error":"Navigation timeout of 15000 ms exceeded"}
[2025-06-11T01:32:08.830Z] [INFO] 瀏覽器已關閉
