[2025-06-10T15:42:24.144Z] [INFO] === 第一階段：登入功能測試開始 ===
[2025-06-10T15:42:24.145Z] [INFO] 正在啟動瀏覽器...
[2025-06-10T15:42:25.425Z] [INFO] 瀏覽器啟動成功
[2025-06-10T15:42:25.425Z] [INFO] 讀取使用者配置...
[2025-06-10T15:42:25.427Z] [INFO] 使用者配置載入成功 | Context: {"username":"TNL011","companyCode":"TNLMG","recordsCount":3}
[2025-06-10T15:42:25.428Z] [INFO] 開始執行登入流程
[2025-06-10T15:42:25.428Z] [INFO] 導航到登入頁面: https://apollo.mayohr.com
[2025-06-10T15:42:27.067Z] [INFO] 頁面載入成功
[2025-06-10T15:42:30.069Z] [INFO] 當前頁面 URL | Context: {"url":"https://apollo.mayohr.com/tube"}
[2025-06-10T15:42:30.070Z] [INFO] 檢查是否有 pop-up 提示...
[2025-06-10T15:42:30.093Z] [INFO] 找到 pop-up 確定按鈕，準備點擊關閉
[2025-06-10T15:42:32.695Z] [INFO] 關閉 pop-up 後的新 URL | Context: {"url":"https://asiaauth.mayohr.com/HRM/Account/Login?original_target=https%3A%2F%2Fapollo.mayohr.com%2Ftube&lang=zh-tw"}
[2025-06-10T15:42:34.698Z] [INFO] 使用者已登入，在主頁面，尋找表單申請按鈕
[2025-06-10T15:42:34.712Z] [INFO] 檢查是否需要登入...
[2025-06-10T15:42:35.054Z] [INFO] 截圖已儲存: screenshots/before_login_form_search_1749570154713.png
[2025-06-10T15:42:35.061Z] [INFO] 找到使用者名稱欄位: input[type="text"]
[2025-06-10T15:42:35.061Z] [INFO] 開始填寫登入表單...
[2025-06-10T15:42:35.237Z] [INFO] 找到密碼欄位: input[name="password"]
[2025-06-10T15:42:35.371Z] [INFO] 登入表單填寫完成
[2025-06-10T15:42:35.448Z] [INFO] 截圖已儲存: screenshots/login_form_filled_1749570155372.png
[2025-06-10T15:42:35.448Z] [INFO] 提交登入表單...
[2025-06-10T15:42:35.451Z] [INFO] 找到提交按鈕: button[type="submit"]
[2025-06-10T15:42:50.966Z] [ERROR] 登入流程失敗 | Context: {"error":"Navigation timeout of 15000 ms exceeded"}
[2025-06-10T15:42:51.124Z] [INFO] 截圖已儲存: screenshots/login_failed_1749570170968.png
[2025-06-10T15:42:51.125Z] [ERROR] 測試執行失敗 | Context: {"error":"Navigation timeout of 15000 ms exceeded"}
[2025-06-10T15:42:51.360Z] [INFO] 瀏覽器已關閉
