[2025-06-11T01:37:47.602Z] [INFO] === 第一階段：登入功能測試開始 ===
[2025-06-11T01:37:47.603Z] [INFO] 正在啟動瀏覽器...
[2025-06-11T01:37:48.887Z] [INFO] 瀏覽器啟動成功
[2025-06-11T01:37:48.888Z] [INFO] 讀取使用者配置...
[2025-06-11T01:37:48.889Z] [INFO] 使用者配置載入成功 | Context: {"username":"TNL011","companyCode":"TNLMG","recordsCount":3}
[2025-06-11T01:37:48.889Z] [INFO] 開始執行登入流程
[2025-06-11T01:37:48.889Z] [INFO] 導航到登入頁面: https://apollo.mayohr.com
[2025-06-11T01:37:49.340Z] [INFO] 頁面載入成功
[2025-06-11T01:37:52.346Z] [INFO] 當前頁面 URL | Context: {"url":"https://apollo.mayohr.com/tube"}
[2025-06-11T01:37:52.346Z] [INFO] 檢查是否有 pop-up 提示...
[2025-06-11T01:37:52.370Z] [INFO] 找到 pop-up 確定按鈕，準備點擊關閉
[2025-06-11T01:37:53.008Z] [INFO] 關閉 pop-up 後的新 URL | Context: {"url":"https://asiaauth.mayohr.com/HRM/Account/Login?original_target=https%3A%2F%2Fapollo.mayohr.com%2Ftube&lang=zh-tw"}
[2025-06-11T01:37:53.811Z] [INFO] 使用者已登入，在主頁面，尋找表單申請按鈕
[2025-06-11T01:37:53.834Z] [WARN] 未找到表單申請按鈕
[2025-06-11T01:37:53.835Z] [INFO] 檢查是否需要登入...
[2025-06-11T01:37:54.225Z] [INFO] 截圖已儲存: screenshots/before_login_form_search_1749605873835.png
[2025-06-11T01:37:54.225Z] [INFO] 開始填寫登入表單...
[2025-06-11T01:37:54.225Z] [INFO] 填寫公司代碼...
[2025-06-11T01:37:54.345Z] [INFO] 公司代碼填寫完成 | Context: {"companyCode":"TNLMG"}
[2025-06-11T01:37:54.346Z] [INFO] 填寫工號...
[2025-06-11T01:37:54.506Z] [INFO] 工號填寫完成 | Context: {"employeeNo":"TNL011"}
[2025-06-11T01:37:54.506Z] [INFO] 填寫密碼...
[2025-06-11T01:37:54.650Z] [INFO] 密碼填寫完成
[2025-06-11T01:37:54.650Z] [INFO] 登入表單填寫完成
[2025-06-11T01:37:54.925Z] [INFO] 截圖已儲存: screenshots/login_form_filled_1749605874650.png
[2025-06-11T01:37:54.925Z] [INFO] 提交登入表單...
[2025-06-11T01:37:54.950Z] [INFO] 找到提交按鈕，準備點擊
[2025-06-11T01:37:55.463Z] [INFO] 等待登入處理和頁面導航...
[2025-06-11T01:37:56.157Z] [INFO] 登入後的 URL | Context: {"url":"https://apollo.mayohr.com/LoginPass?code=7e3b22550b9844688e9a5c7e7d6b0ecf&red=https%3A%2F%2Fapollo.mayohr.com%2Ftube&lang=zh-tw"}
[2025-06-11T01:37:56.158Z] [INFO] 登入成功，到達主頁面，需要點擊表單申請按鈕
[2025-06-11T01:37:56.425Z] [INFO] 截圖已儲存: screenshots/login_success_main_page_1749605876158.png
[2025-06-11T01:37:56.425Z] [INFO] 導航到表單申請頁面...
[2025-06-11T01:37:57.061Z] [INFO] 點擊前的 URL | Context: {"url":"https://apollo.mayohr.com/tube"}
[2025-06-11T01:37:58.107Z] [INFO] 已點擊表單申請按鈕，等待頁面變化...
[2025-06-11T01:37:59.113Z] [DEBUG] 等待 URL 變化... 當前: https://flow.mayohr.com/GAIA/bpm/applyform?moduleType=apply&companyCode=TNLMG&muid=b154c3d6-7337-4af6-aff2-49cf849cde9b
[2025-06-11T01:37:59.114Z] [INFO] 成功導航到表單申請頁面 | Context: {"url":"https://flow.mayohr.com/GAIA/bpm/applyform?moduleType=apply&companyCode=TNLMG&muid=b154c3d6-7337-4af6-aff2-49cf849cde9b"}
[2025-06-11T01:37:59.407Z] [INFO] 截圖已儲存: screenshots/form_application_page_success_1749605879114.png
[2025-06-11T01:37:59.407Z] [INFO] ✅ 第一階段登入功能測試成功
[2025-06-11T01:37:59.506Z] [INFO] 瀏覽器已關閉
