[2025-06-10T16:13:20.736Z] [INFO] === 第一階段：登入功能測試開始 ===
[2025-06-10T16:13:20.737Z] [INFO] 正在啟動瀏覽器...
[2025-06-10T16:13:22.618Z] [INFO] 瀏覽器啟動成功
[2025-06-10T16:13:22.619Z] [INFO] 讀取使用者配置...
[2025-06-10T16:13:22.619Z] [INFO] 使用者配置載入成功 | Context: {"username":"TNL011","companyCode":"TNLMG","recordsCount":3}
[2025-06-10T16:13:22.620Z] [INFO] 開始執行登入流程
[2025-06-10T16:13:22.620Z] [INFO] 導航到登入頁面: https://apollo.mayohr.com
[2025-06-10T16:13:24.171Z] [INFO] 頁面載入成功
[2025-06-10T16:13:27.172Z] [INFO] 當前頁面 URL | Context: {"url":"https://apollo.mayohr.com/tube"}
[2025-06-10T16:13:27.173Z] [INFO] 檢查是否有 pop-up 提示...
[2025-06-10T16:13:27.187Z] [INFO] 找到 pop-up 確定按鈕，準備點擊關閉
[2025-06-10T16:13:44.244Z] [INFO] 未找到 pop-up 確定按鈕，繼續流程 | Context: {"error":"Navigation timeout of 15000 ms exceeded"}
[2025-06-10T16:13:46.247Z] [INFO] 使用者已登入，在主頁面，尋找表單申請按鈕
[2025-06-10T16:13:46.290Z] [INFO] 檢查是否需要登入...
[2025-06-10T16:13:46.447Z] [INFO] 截圖已儲存: screenshots/before_login_form_search_1749572026291.png
[2025-06-10T16:13:46.447Z] [INFO] 開始填寫登入表單...
[2025-06-10T16:13:46.447Z] [INFO] 填寫公司代碼...
[2025-06-10T16:13:46.649Z] [INFO] 公司代碼填寫完成 | Context: {"companyCode":"TNLMG"}
[2025-06-10T16:13:46.649Z] [INFO] 填寫工號...
[2025-06-10T16:13:46.764Z] [INFO] 工號填寫完成 | Context: {"employeeNo":"TNL011"}
[2025-06-10T16:13:46.764Z] [INFO] 填寫密碼...
[2025-06-10T16:13:46.913Z] [INFO] 密碼填寫完成
[2025-06-10T16:13:46.913Z] [INFO] 登入表單填寫完成
[2025-06-10T16:13:46.995Z] [INFO] 截圖已儲存: screenshots/login_form_filled_1749572026913.png
[2025-06-10T16:13:46.995Z] [INFO] 提交登入表單...
[2025-06-10T16:13:46.998Z] [INFO] 找到提交按鈕，準備點擊
[2025-06-10T16:13:47.532Z] [INFO] 等待登入處理和頁面導航...
[2025-06-10T16:13:52.236Z] [INFO] 登入後的 URL | Context: {"url":"https://apollo.mayohr.com/tube"}
[2025-06-10T16:13:52.237Z] [INFO] 登入成功，到達主頁面，需要點擊表單申請按鈕
[2025-06-10T16:13:52.311Z] [INFO] 截圖已儲存: screenshots/login_success_main_page_1749572032237.png
[2025-06-10T16:13:52.311Z] [INFO] 導航到表單申請頁面...
[2025-06-10T16:14:10.350Z] [ERROR] 導航至表單申請頁面失敗 | Context: {"error":"Navigation timeout of 15000 ms exceeded"}
[2025-06-10T16:14:10.520Z] [INFO] 截圖已儲存: screenshots/navigation_failed_1749572050354.png
[2025-06-10T16:14:10.520Z] [ERROR] 登入流程失敗 | Context: {"error":"Navigation timeout of 15000 ms exceeded"}
[2025-06-10T16:14:10.631Z] [INFO] 截圖已儲存: screenshots/login_failed_1749572050521.png
[2025-06-10T16:14:10.632Z] [ERROR] 測試執行失敗 | Context: {"error":"Navigation timeout of 15000 ms exceeded"}
[2025-06-10T16:14:10.718Z] [INFO] 瀏覽器已關閉
