[2025-06-10T16:01:18.947Z] [INFO] === 第一階段：登入功能測試開始 ===
[2025-06-10T16:01:18.948Z] [INFO] 正在啟動瀏覽器...
[2025-06-10T16:01:20.278Z] [INFO] 瀏覽器啟動成功
[2025-06-10T16:01:20.279Z] [INFO] 讀取使用者配置...
[2025-06-10T16:01:20.281Z] [INFO] 使用者配置載入成功 | Context: {"username":"TNL011","companyCode":"TNLMG","recordsCount":3}
[2025-06-10T16:01:20.282Z] [INFO] 開始執行登入流程
[2025-06-10T16:01:20.283Z] [INFO] 導航到登入頁面: https://apollo.mayohr.com
[2025-06-10T16:01:21.562Z] [INFO] 頁面載入成功
[2025-06-10T16:01:24.564Z] [INFO] 當前頁面 URL | Context: {"url":"https://apollo.mayohr.com/tube"}
[2025-06-10T16:01:24.565Z] [INFO] 檢查是否有 pop-up 提示...
[2025-06-10T16:01:24.587Z] [INFO] 找到 pop-up 確定按鈕，準備點擊關閉
[2025-06-10T16:01:27.202Z] [INFO] 關閉 pop-up 後的新 URL | Context: {"url":"https://asiaauth.mayohr.com/HRM/Account/Login?original_target=https%3A%2F%2Fapollo.mayohr.com%2Ftube&lang=zh-tw"}
[2025-06-10T16:01:29.204Z] [INFO] 使用者已登入，在主頁面，尋找表單申請按鈕
[2025-06-10T16:01:29.219Z] [INFO] 檢查是否需要登入...
[2025-06-10T16:01:29.312Z] [INFO] 截圖已儲存: screenshots/before_login_form_search_1749571289220.png
[2025-06-10T16:01:29.312Z] [INFO] 開始填寫登入表單...
[2025-06-10T16:01:29.313Z] [INFO] 填寫公司代碼...
[2025-06-10T16:01:29.448Z] [INFO] 公司代碼填寫完成 | Context: {"companyCode":"TNLMG"}
[2025-06-10T16:01:29.451Z] [INFO] 填寫工號...
[2025-06-10T16:01:29.591Z] [INFO] 工號填寫完成 | Context: {"employeeNo":"TNL011"}
[2025-06-10T16:01:29.592Z] [INFO] 填寫密碼...
[2025-06-10T16:01:29.718Z] [INFO] 密碼填寫完成
[2025-06-10T16:01:29.718Z] [INFO] 登入表單填寫完成
[2025-06-10T16:01:29.811Z] [INFO] 截圖已儲存: screenshots/login_form_filled_1749571289719.png
[2025-06-10T16:01:29.811Z] [INFO] 提交登入表單...
[2025-06-10T16:01:29.812Z] [INFO] 找到提交按鈕，準備點擊
[2025-06-10T16:01:30.340Z] [INFO] 等待登入處理和頁面導航...
[2025-06-10T16:01:35.715Z] [INFO] 登入後的 URL | Context: {"url":"https://apollo.mayohr.com/tube"}
[2025-06-10T16:01:35.716Z] [INFO] 登入成功，到達主頁面，需要點擊表單申請按鈕
[2025-06-10T16:01:35.794Z] [INFO] 截圖已儲存: screenshots/login_success_main_page_1749571295717.png
[2025-06-10T16:01:35.794Z] [INFO] 導航到表單申請頁面...
[2025-06-10T16:01:53.263Z] [ERROR] 導航至表單申請頁面失敗 | Context: {"error":"Navigation timeout of 15000 ms exceeded"}
[2025-06-10T16:01:53.617Z] [INFO] 截圖已儲存: screenshots/navigation_failed_1749571313266.png
[2025-06-10T16:01:53.617Z] [ERROR] 登入流程失敗 | Context: {"error":"Navigation timeout of 15000 ms exceeded"}
[2025-06-10T16:01:53.685Z] [INFO] 截圖已儲存: screenshots/login_failed_1749571313618.png
[2025-06-10T16:01:53.685Z] [ERROR] 測試執行失敗 | Context: {"error":"Navigation timeout of 15000 ms exceeded"}
[2025-06-10T16:01:53.764Z] [INFO] 瀏覽器已關閉
