[2025-06-10T16:26:32.640Z] [INFO] === 第一階段：登入功能測試開始 ===
[2025-06-10T16:26:32.641Z] [INFO] 正在啟動瀏覽器...
[2025-06-10T16:26:34.304Z] [INFO] 瀏覽器啟動成功
[2025-06-10T16:26:34.305Z] [INFO] 讀取使用者配置...
[2025-06-10T16:26:34.309Z] [INFO] 使用者配置載入成功 | Context: {"username":"TNL011","companyCode":"TNLMG","recordsCount":3}
[2025-06-10T16:26:34.310Z] [INFO] 開始執行登入流程
[2025-06-10T16:26:34.310Z] [INFO] 導航到登入頁面: https://apollo.mayohr.com
[2025-06-10T16:26:35.804Z] [INFO] 頁面載入成功
[2025-06-10T16:26:38.807Z] [INFO] 當前頁面 URL | Context: {"url":"https://apollo.mayohr.com/tube"}
[2025-06-10T16:26:38.808Z] [INFO] 檢查是否有 pop-up 提示...
[2025-06-10T16:26:38.836Z] [INFO] 找到 pop-up 確定按鈕，準備點擊關閉
[2025-06-10T16:26:40.944Z] [INFO] 關閉 pop-up 後的新 URL | Context: {"url":"https://asiaauth.mayohr.com/HRM/Account/Login?original_target=https%3A%2F%2Fapollo.mayohr.com%2Ftube&lang=zh-tw"}
[2025-06-10T16:26:42.947Z] [INFO] 使用者已登入，在主頁面，尋找表單申請按鈕
[2025-06-10T16:26:42.967Z] [WARN] 未找到表單申請按鈕
[2025-06-10T16:26:42.968Z] [INFO] 檢查是否需要登入...
[2025-06-10T16:26:43.270Z] [INFO] 截圖已儲存: screenshots/before_login_form_search_1749572802968.png
[2025-06-10T16:26:43.270Z] [INFO] 開始填寫登入表單...
[2025-06-10T16:26:43.270Z] [INFO] 填寫公司代碼...
[2025-06-10T16:26:43.408Z] [INFO] 公司代碼填寫完成 | Context: {"companyCode":"TNLMG"}
[2025-06-10T16:26:43.408Z] [INFO] 填寫工號...
[2025-06-10T16:26:43.558Z] [INFO] 工號填寫完成 | Context: {"employeeNo":"TNL011"}
[2025-06-10T16:26:43.558Z] [INFO] 填寫密碼...
[2025-06-10T16:26:43.682Z] [INFO] 密碼填寫完成
[2025-06-10T16:26:43.682Z] [INFO] 登入表單填寫完成
[2025-06-10T16:26:43.965Z] [INFO] 截圖已儲存: screenshots/login_form_filled_1749572803682.png
[2025-06-10T16:26:43.965Z] [INFO] 提交登入表單...
[2025-06-10T16:26:43.975Z] [INFO] 找到提交按鈕，準備點擊
[2025-06-10T16:26:44.529Z] [INFO] 等待登入處理和頁面導航...
[2025-06-10T16:26:46.815Z] [INFO] 登入後的 URL | Context: {"url":"https://apollo.mayohr.com/LoginPass?code=152a164567444130a476556f099b4178&red=https%3A%2F%2Fapollo.mayohr.com%2Ftube&lang=zh-tw"}
[2025-06-10T16:26:46.815Z] [INFO] 登入成功，到達主頁面，需要點擊表單申請按鈕
[2025-06-10T16:26:47.087Z] [INFO] 截圖已儲存: screenshots/login_success_main_page_1749572806815.png
[2025-06-10T16:26:47.087Z] [INFO] 導航到表單申請頁面...
[2025-06-10T16:27:05.398Z] [ERROR] 導航至表單申請頁面失敗 | Context: {"error":"Navigation timeout of 15000 ms exceeded"}
[2025-06-10T16:27:05.800Z] [INFO] 截圖已儲存: screenshots/navigation_failed_1749572825400.png
[2025-06-10T16:27:05.801Z] [ERROR] 登入流程失敗 | Context: {"error":"Navigation timeout of 15000 ms exceeded"}
[2025-06-10T16:27:06.251Z] [INFO] 截圖已儲存: screenshots/login_failed_1749572825801.png
[2025-06-10T16:27:06.252Z] [ERROR] 測試執行失敗 | Context: {"error":"Navigation timeout of 15000 ms exceeded"}
[2025-06-10T16:27:06.384Z] [INFO] 瀏覽器已關閉
