[2025-06-11T01:59:40.878Z] [INFO] === 第一階段：登入功能測試開始 ===
[2025-06-11T01:59:40.878Z] [INFO] 正在啟動瀏覽器...
[2025-06-11T01:59:42.287Z] [INFO] 瀏覽器啟動成功
[2025-06-11T01:59:42.287Z] [INFO] 讀取使用者配置...
[2025-06-11T01:59:42.288Z] [INFO] 使用者配置載入成功 | Context: {"username":"TNL011","companyCode":"TNLMG","recordsCount":6}
[2025-06-11T01:59:42.288Z] [INFO] 開始執行登入流程
[2025-06-11T01:59:42.288Z] [INFO] 導航到登入頁面: https://apollo.mayohr.com
[2025-06-11T01:59:42.687Z] [INFO] 頁面載入成功
[2025-06-11T01:59:45.688Z] [INFO] 當前頁面 URL | Context: {"url":"https://apollo.mayohr.com/tube"}
[2025-06-11T01:59:45.689Z] [INFO] 檢查是否有 pop-up 提示...
[2025-06-11T01:59:45.702Z] [INFO] 找到 pop-up 確定按鈕，準備點擊關閉
[2025-06-11T01:59:46.343Z] [INFO] 關閉 pop-up 後的新 URL | Context: {"url":"https://asiaauth.mayohr.com/HRM/Account/Login?original_target=https%3A%2F%2Fapollo.mayohr.com%2Ftube&lang=zh-tw"}
[2025-06-11T01:59:47.145Z] [INFO] 使用者已登入，在主頁面，尋找表單申請按鈕
[2025-06-11T01:59:47.153Z] [WARN] 未找到表單申請按鈕
[2025-06-11T01:59:47.153Z] [INFO] 檢查是否需要登入...
[2025-06-11T01:59:47.345Z] [INFO] 截圖已儲存: screenshots/before_login_form_search_1749607187153.png
[2025-06-11T01:59:47.345Z] [INFO] 開始填寫登入表單...
[2025-06-11T01:59:47.345Z] [INFO] 填寫公司代碼...
[2025-06-11T01:59:47.474Z] [INFO] 公司代碼填寫完成 | Context: {"companyCode":"TNLMG"}
[2025-06-11T01:59:47.475Z] [INFO] 填寫工號...
[2025-06-11T01:59:47.612Z] [INFO] 工號填寫完成 | Context: {"employeeNo":"TNL011"}
[2025-06-11T01:59:47.612Z] [INFO] 填寫密碼...
[2025-06-11T01:59:47.744Z] [INFO] 密碼填寫完成
[2025-06-11T01:59:47.745Z] [INFO] 登入表單填寫完成
[2025-06-11T01:59:47.915Z] [INFO] 截圖已儲存: screenshots/login_form_filled_1749607187745.png
[2025-06-11T01:59:47.915Z] [INFO] 提交登入表單...
[2025-06-11T01:59:47.917Z] [INFO] 找到提交按鈕，準備點擊
[2025-06-11T01:59:48.434Z] [INFO] 等待登入處理和頁面導航...
[2025-06-11T01:59:48.727Z] [INFO] 登入後的 URL | Context: {"url":"https://apollo.mayohr.com/LoginPass?code=2ecd5f08edd44c9aae01a258136ded39&red=https%3A%2F%2Fapollo.mayohr.com%2Ftube&lang=zh-tw"}
[2025-06-11T01:59:48.728Z] [INFO] 登入成功，到達主頁面，需要點擊表單申請按鈕
[2025-06-11T01:59:48.858Z] [INFO] 截圖已儲存: screenshots/login_success_main_page_1749607188728.png
[2025-06-11T01:59:48.858Z] [INFO] 導航到表單申請頁面...
[2025-06-11T01:59:49.578Z] [INFO] 點擊前的 URL | Context: {"url":"https://apollo.mayohr.com/tube"}
[2025-06-11T01:59:50.636Z] [INFO] 已點擊表單申請按鈕，等待頁面變化...
[2025-06-11T01:59:51.639Z] [DEBUG] 等待 URL 變化... 當前: https://flow.mayohr.com/GAIA/bpm/applyform?moduleType=apply&companyCode=TNLMG&muid=b154c3d6-7337-4af6-aff2-49cf849cde9b
[2025-06-11T01:59:51.640Z] [INFO] 成功導航到表單申請頁面 | Context: {"url":"https://flow.mayohr.com/GAIA/bpm/applyform?moduleType=apply&companyCode=TNLMG&muid=b154c3d6-7337-4af6-aff2-49cf849cde9b"}
[2025-06-11T01:59:51.810Z] [INFO] 截圖已儲存: screenshots/form_application_page_success_1749607191643.png
[2025-06-11T01:59:51.810Z] [INFO] ✅ 第一階段登入功能測試成功
[2025-06-11T01:59:51.930Z] [INFO] 瀏覽器已關閉
