[2025-06-11T01:15:05.721Z] [INFO] === 第一階段：登入功能測試開始 ===
[2025-06-11T01:15:05.722Z] [INFO] 正在啟動瀏覽器...
[2025-06-11T01:15:07.154Z] [INFO] 瀏覽器啟動成功
[2025-06-11T01:15:07.155Z] [INFO] 讀取使用者配置...
[2025-06-11T01:15:07.157Z] [INFO] 使用者配置載入成功 | Context: {"username":"TNL011","companyCode":"TNLMG","recordsCount":3}
[2025-06-11T01:15:07.158Z] [INFO] 開始執行登入流程
[2025-06-11T01:15:07.158Z] [INFO] 導航到登入頁面: https://apollo.mayohr.com
[2025-06-11T01:15:07.566Z] [INFO] 頁面載入成功
[2025-06-11T01:15:10.566Z] [INFO] 當前頁面 URL | Context: {"url":"https://apollo.mayohr.com/tube"}
[2025-06-11T01:15:10.567Z] [INFO] 檢查是否有 pop-up 提示...
[2025-06-11T01:15:10.671Z] [INFO] 找到 pop-up 確定按鈕，準備點擊關閉
[2025-06-11T01:15:27.755Z] [INFO] 未找到 pop-up 確定按鈕，繼續流程 | Context: {"error":"Navigation timeout of 15000 ms exceeded"}
[2025-06-11T01:15:29.759Z] [INFO] 使用者已登入，在主頁面，尋找表單申請按鈕
[2025-06-11T01:15:29.780Z] [WARN] 未找到表單申請按鈕
[2025-06-11T01:15:29.780Z] [INFO] 檢查是否需要登入...
[2025-06-11T01:15:29.968Z] [INFO] 截圖已儲存: screenshots/before_login_form_search_1749604529781.png
[2025-06-11T01:15:29.968Z] [INFO] 開始填寫登入表單...
[2025-06-11T01:15:29.968Z] [INFO] 填寫公司代碼...
[2025-06-11T01:15:30.121Z] [INFO] 公司代碼填寫完成 | Context: {"companyCode":"TNLMG"}
[2025-06-11T01:15:30.122Z] [INFO] 填寫工號...
[2025-06-11T01:15:30.288Z] [INFO] 工號填寫完成 | Context: {"employeeNo":"TNL011"}
[2025-06-11T01:15:30.289Z] [INFO] 填寫密碼...
[2025-06-11T01:15:30.413Z] [INFO] 密碼填寫完成
[2025-06-11T01:15:30.413Z] [INFO] 登入表單填寫完成
[2025-06-11T01:15:30.575Z] [INFO] 截圖已儲存: screenshots/login_form_filled_1749604530413.png
[2025-06-11T01:15:30.575Z] [INFO] 提交登入表單...
[2025-06-11T01:15:30.580Z] [INFO] 找到提交按鈕，準備點擊
[2025-06-11T01:15:31.092Z] [INFO] 等待登入處理和頁面導航...
[2025-06-11T01:15:31.559Z] [INFO] 登入後的 URL | Context: {"url":"https://apollo.mayohr.com/LoginPass?code=8d00e4cd19ed48e48e4efde5871b696d&red=https%3A%2F%2Fapollo.mayohr.com%2Ftube&lang=zh-tw"}
[2025-06-11T01:15:31.560Z] [INFO] 登入成功，到達主頁面，需要點擊表單申請按鈕
[2025-06-11T01:15:31.697Z] [INFO] 截圖已儲存: screenshots/login_success_main_page_1749604531560.png
[2025-06-11T01:15:31.697Z] [INFO] 導航到表單申請頁面...
[2025-06-11T01:15:48.337Z] [ERROR] 導航至表單申請頁面失敗 | Context: {"error":"Navigation timeout of 15000 ms exceeded"}
[2025-06-11T01:15:48.559Z] [INFO] 截圖已儲存: screenshots/navigation_failed_1749604548339.png
[2025-06-11T01:15:48.559Z] [ERROR] 登入流程失敗 | Context: {"error":"Navigation timeout of 15000 ms exceeded"}
[2025-06-11T01:15:48.695Z] [INFO] 截圖已儲存: screenshots/login_failed_1749604548560.png
[2025-06-11T01:15:48.695Z] [ERROR] 測試執行失敗 | Context: {"error":"Navigation timeout of 15000 ms exceeded"}
[2025-06-11T01:15:48.780Z] [INFO] 瀏覽器已關閉
